<?xml version="1.0" encoding="UTF-8"?>
<!-- Generated by org.testng.reporters.JUnitReportReporter -->
<testsuite hostname="DESKTOP-39GT5A6" failures="0" tests="1" name="Dummy2.Test2Test" time="0.002" errors="0" timestamp="2022-11-24T13:08:07 IST" skipped="0">
  <testcase classname="Dummy2.Test2Test" name="Abcd" time="0.002"/>
  <system-out/>
</testsuite> <!-- Dummy2.Test2Test -->
