<?xml version="1.0" encoding="UTF-8"?>
<!-- Generated by org.testng.reporters.JUnitReportReporter -->
<testsuite hostname="DESKTOP-39GT5A6" failures="0" tests="1" name="Dummy1.Test4Test" time="0.002" errors="0" timestamp="2022-11-24T13:08:17 IST" skipped="0">
  <testcase classname="Dummy1.Test4Test" name="Abc" time="0.002"/>
  <system-out/>
</testsuite> <!-- Dummy1.Test4Test -->
